<?xml version="1.0" encoding="UTF-8"?>
<testsuite xmlns:xsi="http://www.w3.org/2001/XMLSchema-instance" xsi:noNamespaceSchemaLocation="https://maven.apache.org/surefire/maven-surefire-plugin/xsd/surefire-test-report-3.0.xsd" version="3.0" name="com.project.integration.DatabaseConnectionTest" time="2.507" tests="1" errors="0" skipped="0" failures="0">
  <properties>
[...]
</properties>
  <testcase name="testRealDatabasePersistence" classname="com.project.integration.DatabaseConnectionTest" time="0.03">
    <system-out><![CDATA[2026-08-24T22:28:42.983+05:30  INFO 22620 --- [healthcare-manager] [           main] t.c.s.AnnotationConfigContextLoaderUtils : Could not detect default configuration classes for test class [com.project.integration.DatabaseConnectionTest]: DatabaseConnectionTest does not declare any static, non-private, non-final, nested classes annotated with @Configuration.
2026-08-24T22:28:42.997+05:30  INFO 22620 --- [healthcare-manager] [           main] .b.t.c.SpringBootTestContextBootstrapper : Found @SpringBootConfiguration com.project.HealthcareManagerApplication for test class com.project.integration.DatabaseConnectionTest

  .   ____          _            __ _ _
 /\\ / ___'_ __ _ _(_)_ __  __ _ \ \ \ \
( ( )\___ | '_ | '_| | '_ \/ _` | \ \ \ \
 \\/  ___)| |_)| | | | | || (_| |  ) ) ) )
  '  |____| .__|_| |_|_| |_\__, | / / / /
 =========|_|==============|___/=/_/_/_/

 :: Spring Boot ::                (v3.3.2)

2026-08-24T22:28:43.053+05:30  INFO 22620 --- [healthcare-manager] [           main] c.p.integration.DatabaseConnectionTest   : Starting DatabaseConnectionTest using Java 21 with PID 22620 (started by rajga in C:\Users\rajga\OneDrive\Desktop\RAJ\Unthinkable\backend)
2026-08-24T22:28:43.053+05:30  INFO 22620 --- [healthcare-manager] [           main] c.p.integration.DatabaseConnectionTest   : The following 1 profile is active: "dev"
2026-08-24T22:28:43.387+05:30  INFO 22620 --- [healthcare-manager] [           main] .s.d.r.c.RepositoryConfigurationDelegate : Bootstrapping Spring Data JPA repositories in DEFAULT mode.
2026-08-24T22:28:43.410+05:30  INFO 22620 --- [healthcare-manager] [           main] .s.d.r.c.RepositoryConfigurationDelegate : Finished Spring Data repository scanning in 22 ms. Found 9 JPA repository interfaces.
2026-08-24T22:28:43.566+05:30  INFO 22620 --- [healthcare-manager] [           main] o.hibernate.jpa.internal.util.LogHelper  : HHH000204: Processing PersistenceUnitInfo [name: default]
2026-08-24T22:28:43.570+05:30  INFO 22620 --- [healthcare-manager] [           main] o.h.c.internal.RegionFactoryInitiator    : HHH000026: Second-level cache disabled
2026-08-24T22:28:43.582+05:30  INFO 22620 --- [healthcare-manager] [           main] o.s.o.j.p.SpringPersistenceUnitInfo      : No LoadTimeWeaver setup: ignoring JPA class transformer
2026-08-24T22:28:43.583+05:30  INFO 22620 --- [healthcare-manager] [           main] com.zaxxer.hikari.HikariDataSource       : HikariPool-3 - Starting...
2026-08-24T22:28:43.832+05:30  INFO 22620 --- [healthcare-manager] [           main] com.zaxxer.hikari.pool.HikariPool        : HikariPool-3 - Added connection org.postgresql.jdbc.PgConnection@7343e98a
2026-08-24T22:28:43.832+05:30  INFO 22620 --- [healthcare-manager] [           main] com.zaxxer.hikari.HikariDataSource       : HikariPool-3 - Start completed.
2026-08-24T22:28:44.114+05:30  INFO 22620 --- [healthcare-manager] [           main] o.h.e.t.j.p.i.JtaPlatformInitiator       : HHH000489: No JTA platform available (set 'hibernate.transaction.jta.platform' to enable JTA platform integration)
Hibernate: 
    alter table if exists appointments 
       alter column ai_suggested_questions set data type TEXT
Hibernate: 
    alter table if exists appointments 
       alter column ai_summary set data type TEXT
Hibernate: 
    alter table if exists appointments 
       alter column clinical_notes set data type TEXT
Hibernate: 
    alter table if exists appointments 
       alter column post_visit_ai_summary set data type TEXT
Hibernate: 
    alter table if exists appointments 
       alter column prescription set data type TEXT
Hibernate: 
    alter table if exists appointments 
       alter column symptoms set data type TEXT
Hibernate: 
    alter table if exists calendar_events 
       alter column last_error set data type TEXT
Hibernate: 
    alter table if exists notifications 
       alter column content set data type TEXT
Hibernate: 
    alter table if exists notifications 
       alter column error_message set data type TEXT
2026-08-24T22:28:44.372+05:30  INFO 22620 --- [healthcare-manager] [           main] j.LocalContainerEntityManagerFactoryBean : Initialized JPA EntityManagerFactory for persistence unit 'default'
2026-08-24T22:28:44.788+05:30  INFO 22620 --- [healthcare-manager] [           main] com.project.config.EmailConfig           : Initializing MockEmailService (email.enabled is false or API key is missing)
2026-08-24T22:28:44.816+05:30  INFO 22620 --- [healthcare-manager] [           main] eAuthenticationProviderManagerConfigurer : Global AuthenticationManager configured with AuthenticationProvider bean with name authenticationProvider
2026-08-24T22:28:44.816+05:30  WARN 22620 --- [healthcare-manager] [           main] r$InitializeUserDetailsManagerConfigurer : Global AuthenticationManager configured with an AuthenticationProvider bean. UserDetailsService beans will not be used for username/password login. Consider removing the AuthenticationProvider bean. Alternatively, consider using the UserDetailsService in a manually instantiated DaoAuthenticationProvider.
2026-08-24T22:28:44.831+05:30  INFO 22620 --- [healthcare-manager] [           main] com.project.config.CalendarConfig        : Initializing MockCalendarService (calendar-enabled is false)
2026-08-24T22:28:44.836+05:30  INFO 22620 --- [healthcare-manager] [           main] com.project.config.LlmConfig             : Initializing MockLlmProvider (provider set to 'mock' or API key is missing)
2026-08-24T22:28:44.914+05:30  WARN 22620 --- [healthcare-manager] [           main] JpaBaseConfiguration$JpaWebConfiguration : spring.jpa.open-in-view is enabled by default. Therefore, database queries may be performed during view rendering. Explicitly configure spring.jpa.open-in-view to disable this warning
2026-08-24T22:28:45.063+05:30  INFO 22620 --- [healthcare-manager] [           main] o.s.b.a.e.web.EndpointLinksResolver      : Exposing 1 endpoint beneath base path '/actuator'
2026-08-24T22:28:45.433+05:30  INFO 22620 --- [healthcare-manager] [           main] c.p.integration.DatabaseConnectionTest   : Started DatabaseConnectionTest in 2.425 seconds (process running for 21.038)
Hibernate: 
    select
        u1_0.id,
        u1_0.created_at,
        u1_0.email,
        u1_0.enabled,
        u1_0.name,
        u1_0.password,
        u1_0.role,
        u1_0.updated_at 
    from
        users u1_0 
    where
        u1_0.email=?
Hibernate: 
    select
        n1_0.id,
        n1_0.content,
        n1_0.created_at,
        n1_0.error_message,
        n1_0.last_attempt_at,
        n1_0.recipient,
        n1_0.related_appointment_id,
        n1_0.retry_count,
        n1_0.sent_at,
        n1_0.status,
        n1_0.subject,
        n1_0.type 
    from
        notifications n1_0 
    where
        (
            n1_0.status='PENDING' 
            or n1_0.status='FAILED'
        ) 
        and n1_0.retry_count<? 
    order by
        n1_0.created_at
Partial unique index for appointments created/verified.
Hibernate: 
    select
        a1_0.id,
        a1_0.ai_suggested_questions,
        a1_0.ai_summary,
        a1_0.appointment_date,
        a1_0.clinical_notes,
        a1_0.created_at,
        a1_0.doctor_profile_id,
        a1_0.end_time,
        a1_0.patient_id,
        a1_0.post_visit_ai_summary,
        a1_0.prescription,
        a1_0.start_time,
        a1_0.status,
        a1_0.symptoms,
        a1_0.updated_at,
        a1_0.urgency_level 
    from
        appointments a1_0 
    where
        a1_0.status=? 
        and a1_0.created_at<?
Hibernate: 
    select
        a1_0.id,
        a1_0.ai_suggested_questions,
        a1_0.ai_summary,
        a1_0.appointment_date,
        a1_0.clinical_notes,
        a1_0.created_at,
        a1_0.doctor_profile_id,
        a1_0.end_time,
        a1_0.patient_id,
        a1_0.post_visit_ai_summary,
        a1_0.prescription,
        a1_0.start_time,
        a1_0.status,
        a1_0.symptoms,
        a1_0.updated_at,
        a1_0.urgency_level 
    from
        appointments a1_0 
    where
        a1_0.status='CONFIRMED' 
        and a1_0.appointment_date=?
2026-08-24T22:28:45.477+05:30  INFO 22620 --- [healthcare-manager] [   scheduling-1] c.project.scheduler.ReminderScheduler    : Checking appointment reminders for 2026-08-25 (Found: 0)
]]></system-out>
  </testcase>
</testsuite>